WARNING: This is a development server. Do not use it in a production deployment. Use a production WSGI server instead.
 * Running on http://127.0.0.1:5000
Press CTRL+C to quit
 * Restarting with watchdog (windowsapi)
 * Debugger is active!
 * Debugger PIN: 342-535-990
127.0.0.1 - - [26/Apr/2026 09:21:16] "GET / HTTP/1.1" 200 -
127.0.0.1 - - [26/Apr/2026 09:21:31] "GET / HTTP/1.1" 200 -
127.0.0.1 - - [26/Apr/2026 09:21:31] "GET /static/style.css HTTP/1.1" 304 -
127.0.0.1 - - [26/Apr/2026 09:21:36] "GET / HTTP/1.1" 200 -
127.0.0.1 - - [26/Apr/2026 09:21:36] "GET /static/style.css HTTP/1.1" 304 -
127.0.0.1 - - [26/Apr/2026 09:22:28] "GET / HTTP/1.1" 200 -
127.0.0.1 - - [26/Apr/2026 09:22:28] "GET /static/style.css HTTP/1.1" 304 -
 * Detected change in 'C:\\Users\\pynea\\anaconda3\\pkgs\\astroid-3.3.8-py313haa95532_0\\info\\test\\tests\\testdata\\python3\\data\\MyPyPa-0.1.0-py2.5.zip', reloading
 * Restarting with watchdog (windowsapi)
 * Debugger is active!
 * Debugger PIN: 342-535-990
 * Detected change in 'C:\\Users\\pynea\\anaconda3\\pkgs\\anaconda-project-0.11.1-py313haa95532_1\\Lib\\site-packages\\anaconda_project\\test\\fake_project.zip', reloading
 * Restarting with watchdog (windowsapi)
 * Debugger is active!
 * Debugger PIN: 342-535-990
 * Detected change in 'C:\\Users\\pynea\\anaconda3\\Lib\\site-packages\\IPython\\display.py', reloading
 * Detected change in 'C:\\Users\\pynea\\anaconda3\\Lib\\site-packages\\IPython\\core\\display_functions.py', reloading
 * Detected change in 'C:\\Users\\pynea\\anaconda3\\Lib\\site-packages\\IPython\\lib\\display.py', reloading
 * Restarting with watchdog (windowsapi)
 * Debugger is active!
 * Debugger PIN: 342-535-990
127.0.0.1 - - [26/Apr/2026 09:35:19] "GET / HTTP/1.1" 200 -
127.0.0.1 - - [26/Apr/2026 09:35:19] "GET /static/style.css HTTP/1.1" 304 -
 * Detected change in 'C:\\Users\\pynea\\anaconda3\\Lib\\site-packages\\pyparsing\\core.py', reloading
 * Restarting with watchdog (windowsapi)
 * Debugger is active!
 * Debugger PIN: 342-535-990
 * Detected change in 'C:\\Users\\pynea\\anaconda3\\pkgs\\flask-3.1.0-py313haa95532_0\\Lib\\site-packages\\flask\\__init__.py', reloading
 * Detected change in 'C:\\Users\\pynea\\anaconda3\\pkgs\\jinja2-3.1.6-py313haa95532_0\\Lib\\site-packages\\jinja2\\__init__.py', reloading
 * Detected change in 'C:\\Users\\pynea\\anaconda3\\pkgs\\scipy-1.15.3-py313hde77213_0\\Lib\\site-packages\\scipy\\__init__.py', reloading
 * Restarting with watchdog (windowsapi)
 * Debugger is active!
 * Debugger PIN: 342-535-990
127.0.0.1 - - [26/Apr/2026 09:38:32] "GET / HTTP/1.1" 200 -
127.0.0.1 - - [26/Apr/2026 09:38:32] "GET /static/style.css HTTP/1.1" 304 -
 * Detected change in 'C:\\Users\\pynea\\anaconda3\\Lib\\site-packages\\flask\\__init__.py', reloading
 * Detected change in 'C:\\Users\\pynea\\anaconda3\\Lib\\site-packages\\flask\\app.py', reloading
 * Detected change in 'C:\\Users\\pynea\\anaconda3\\Lib\\site-packages\\flask\\sansio\\app.py', reloading
 * Detected change in 'C:\\Users\\pynea\\anaconda3\\Lib\\site-packages\\flask\\sansio\\scaffold.py', reloading
 * Detected change in 'C:\\Users\\pynea\\anaconda3\\Lib\\site-packages\\flask\\templating.py', reloading
 * Detected change in 'C:\\Users\\pynea\\anaconda3\\Lib\\site-packages\\jinja2\\__init__.py', reloading
 * Detected change in 'C:\\Users\\pynea\\anaconda3\\Lib\\site-packages\\jinja2\\environment.py', reloading
 * Detected change in 'C:\\Users\\pynea\\anaconda3\\Lib\\site-packages\\flask\\globals.py', reloading
 * Detected change in 'C:\\Users\\pynea\\anaconda3\\Lib\\site-packages\\flask\\wrappers.py', reloading
 * Detected change in 'C:\\Users\\pynea\\anaconda3\\Lib\\site-packages\\werkzeug\\wrappers\\__init__.py', reloading
 * Detected change in 'C:\\Users\\pynea\\anaconda3\\Lib\\site-packages\\werkzeug\\wrappers\\request.py', reloading
 * Detected change in 'C:\\Users\\pynea\\anaconda3\\Lib\\site-packages\\werkzeug\\sansio\\request.py', reloading
 * Detected change in 'C:\\Users\\pynea\\anaconda3\\Lib\\site-packages\\flask\\json\\__init__.py', reloading
 * Detected change in 'C:\\Users\\pynea\\anaconda3\\Lib\\site-packages\\werkzeug\\wrappers\\response.py', reloading
 * Detected change in 'C:\\Users\\pynea\\anaconda3\\Lib\\site-packages\\werkzeug\\sansio\\response.py', reloading
 * Detected change in 'C:\\Users\\pynea\\anaconda3\\Lib\\site-packages\\joblib\\numpy_pickle.py', reloading
 * Detected change in 'C:\\Users\\pynea\\anaconda3\\Lib\\site-packages\\joblib\\numpy_pickle_compat.py', reloading
 * Detected change in 'C:\\Users\\pynea\\anaconda3\\Lib\\site-packages\\joblib\\numpy_pickle_utils.py', reloading
 * Detected change in 'C:\\Users\\pynea\\anaconda3\\Lib\\site-packages\\joblib\\compressor.py', reloading
 * Detected change in 'C:\\Users\\pynea\\anaconda3\\Lib\\site-packages\\numpy\\_typing\\__init__.py', reloading
 * Detected change in 'C:\\Users\\pynea\\anaconda3\\Lib\\site-packages\\numpy\\_utils\\__init__.py', reloading
 * Restarting with watchdog (windowsapi)
 * Debugger is active!
 * Debugger PIN: 342-535-990
 * Detected change in 'C:\\Users\\pynea\\anaconda3\\Lib\\site-packages\\matplotlib\\backends\\__init__.py', reloading
 * Detected change in 'C:\\Users\\pynea\\anaconda3\\Lib\\site-packages\\matplotlib\\pyplot.py', reloading
 * Detected change in 'C:\\Users\\pynea\\anaconda3\\Lib\\site-packages\\matplotlib\\style\\__init__.py', reloading
 * Detected change in 'C:\\Users\\pynea\\anaconda3\\Lib\\site-packages\\matplotlib\\typing.py', reloading
 * Detected change in 'C:\\Users\\pynea\\anaconda3\\Lib\\site-packages\\scipy\\sparse\\__init__.py', reloading
 * Detected change in 'C:\\Users\\pynea\\anaconda3\\Lib\\site-packages\\scipy\\stats\\__init__.py', reloading
 * Restarting with watchdog (windowsapi)
 * Debugger is active!
 * Debugger PIN: 342-535-990
 * Detected change in 'C:\\Users\\pynea\\Downloads\\Health-Monitoring-System-main\\Health-Monitoring-System-main\\lifestyle_risk_model.py', reloading
 * Restarting with watchdog (windowsapi)
 * Debugger is active!
 * Debugger PIN: 342-535-990
 * Detected change in 'C:\\Users\\pynea\\anaconda3\\Lib\\site-packages\\joblib\\__init__.py', reloading
 * Restarting with watchdog (windowsapi)
 * Debugger is active!
 * Debugger PIN: 342-535-990
 * Detected change in 'C:\\Users\\pynea\\anaconda3\\Lib\\site-packages\\_pytest\\cacheprovider.py', reloading
 * Detected change in 'C:\\Users\\pynea\\anaconda3\\Lib\\site-packages\\_pytest\\capture.py', reloading
 * Detected change in 'C:\\Users\\pynea\\anaconda3\\Lib\\site-packages\\_pytest\\doctest.py', reloading
 * Detected change in 'C:\\Users\\pynea\\anaconda3\\Lib\\site-packages\\_pytest\\fixtures.py', reloading
 * Detected change in 'C:\\Users\\pynea\\anaconda3\\Lib\\site-packages\\_pytest\\junitxml.py', reloading
 * Detected change in 'C:\\Users\\pynea\\anaconda3\\Lib\\site-packages\\_pytest\\legacypath.py', reloading
 * Detected change in 'C:\\Users\\pynea\\anaconda3\\Lib\\site-packages\\_pytest\\logging.py', reloading
 * Detected change in 'C:\\Users\\pynea\\anaconda3\\Lib\\site-packages\\_pytest\\monkeypatch.py', reloading
 * Detected change in 'C:\\Users\\pynea\\anaconda3\\Lib\\site-packages\\_pytest\\recwarn.py', reloading
 * Detected change in 'C:\\Users\\pynea\\anaconda3\\Lib\\site-packages\\_pytest\\tmpdir.py', reloading
 * Restarting with watchdog (windowsapi)
 * Debugger is active!
 * Debugger PIN: 342-535-990
 * Detected change in 'C:\\Users\\pynea\\Downloads\\Health-Monitoring-System-main\\Health-Monitoring-System-main\\lifestyle_risk_model.py', reloading
 * Detected change in 'C:\\Users\\pynea\\Downloads\\Health-Monitoring-System-main\\Health-Monitoring-System-main\\lifestyle_risk_model.py', reloading
 * Detected change in 'C:\\Users\\pynea\\Downloads\\Health-Monitoring-System-main\\Health-Monitoring-System-main\\lifestyle_risk_model.py', reloading
 * Restarting with watchdog (windowsapi)
 * Debugger is active!
 * Debugger PIN: 342-535-990
 * Detected change in 'C:\\Users\\pynea\\Downloads\\Health-Monitoring-System-main\\Health-Monitoring-System-main\\lifestyle_risk_model.py', reloading
 * Detected change in 'C:\\Users\\pynea\\Downloads\\Health-Monitoring-System-main\\Health-Monitoring-System-main\\lifestyle_risk_model.py', reloading
 * Restarting with watchdog (windowsapi)
 * Debugger is active!
 * Debugger PIN: 342-535-990
 * Detected change in 'C:\\Users\\pynea\\Downloads\\Health-Monitoring-System-main\\Health-Monitoring-System-main\\lifestyle_risk_model.py', reloading
 * Detected change in 'C:\\Users\\pynea\\Downloads\\Health-Monitoring-System-main\\Health-Monitoring-System-main\\lifestyle_risk_model.py', reloading
 * Restarting with watchdog (windowsapi)
 * Debugger is active!
 * Debugger PIN: 342-535-990
 * Detected change in 'C:\\Users\\pynea\\Downloads\\Health-Monitoring-System-main\\Health-Monitoring-System-main\\lifestyle_risk_model.py', reloading
 * Detected change in 'C:\\Users\\pynea\\Downloads\\Health-Monitoring-System-main\\Health-Monitoring-System-main\\lifestyle_risk_model.py', reloading
 * Restarting with watchdog (windowsapi)
 * Debugger is active!
 * Debugger PIN: 342-535-990
 * Detected change in 'C:\\Users\\pynea\\Downloads\\Health-Monitoring-System-main\\Health-Monitoring-System-main\\lifestyle_risk_model.py', reloading
 * Detected change in 'C:\\Users\\pynea\\Downloads\\Health-Monitoring-System-main\\Health-Monitoring-System-main\\lifestyle_risk_model.py', reloading
 * Restarting with watchdog (windowsapi)
 * Debugger is active!
 * Debugger PIN: 342-535-990
 * Detected change in 'C:\\Users\\pynea\\Downloads\\Health-Monitoring-System-main\\Health-Monitoring-System-main\\lifestyle_risk_model.py', reloading
 * Detected change in 'C:\\Users\\pynea\\Downloads\\Health-Monitoring-System-main\\Health-Monitoring-System-main\\lifestyle_risk_model.py', reloading
 * Restarting with watchdog (windowsapi)
 * Debugger is active!
 * Debugger PIN: 342-535-990
 * Detected change in 'C:\\Users\\pynea\\Downloads\\Health-Monitoring-System-main\\Health-Monitoring-System-main\\lifestyle_risk_model.py', reloading
 * Detected change in 'C:\\Users\\pynea\\Downloads\\Health-Monitoring-System-main\\Health-Monitoring-System-main\\lifestyle_risk_model.py', reloading
 * Restarting with watchdog (windowsapi)
 * Debugger is active!
 * Debugger PIN: 342-535-990
 * Detected change in 'C:\\Users\\pynea\\Downloads\\Health-Monitoring-System-main\\Health-Monitoring-System-main\\lifestyle_risk_model.py', reloading
 * Detected change in 'C:\\Users\\pynea\\Downloads\\Health-Monitoring-System-main\\Health-Monitoring-System-main\\lifestyle_risk_model.py', reloading
 * Detected change in 'C:\\Users\\pynea\\Downloads\\Health-Monitoring-System-main\\Health-Monitoring-System-main\\lifestyle_risk_model.py', reloading
 * Restarting with watchdog (windowsapi)
 * Debugger is active!
 * Debugger PIN: 342-535-990
 * Detected change in 'C:\\Users\\pynea\\Downloads\\Health-Monitoring-System-main\\Health-Monitoring-System-main\\lifestyle_risk_model.py', reloading
 * Detected change in 'C:\\Users\\pynea\\Downloads\\Health-Monitoring-System-main\\Health-Monitoring-System-main\\lifestyle_risk_model.py', reloading
 * Restarting with watchdog (windowsapi)
 * Debugger is active!
 * Debugger PIN: 342-535-990
 * Detected change in 'C:\\Users\\pynea\\Downloads\\Health-Monitoring-System-main\\Health-Monitoring-System-main\\lifestyle_risk_model.py', reloading
 * Detected change in 'C:\\Users\\pynea\\Downloads\\Health-Monitoring-System-main\\Health-Monitoring-System-main\\lifestyle_risk_model.py', reloading
 * Restarting with watchdog (windowsapi)
 * Debugger is active!
 * Debugger PIN: 342-535-990
 * Detected change in 'C:\\Users\\pynea\\Downloads\\Health-Monitoring-System-main\\Health-Monitoring-System-main\\lifestyle_risk_model.py', reloading
 * Detected change in 'C:\\Users\\pynea\\Downloads\\Health-Monitoring-System-main\\Health-Monitoring-System-main\\lifestyle_risk_model.py', reloading
 * Detected change in 'C:\\Users\\pynea\\Downloads\\Health-Monitoring-System-main\\Health-Monitoring-System-main\\lifestyle_risk_model.py', reloading
 * Restarting with watchdog (windowsapi)
 * Debugger is active!
 * Debugger PIN: 342-535-990
 * Detected change in 'C:\\Users\\pynea\\Downloads\\Health-Monitoring-System-main\\Health-Monitoring-System-main\\lifestyle_risk_model.py', reloading
 * Detected change in 'C:\\Users\\pynea\\Downloads\\Health-Monitoring-System-main\\Health-Monitoring-System-main\\lifestyle_risk_model.py', reloading
 * Detected change in 'C:\\Users\\pynea\\Downloads\\Health-Monitoring-System-main\\Health-Monitoring-System-main\\lifestyle_risk_model.py', reloading
 * Detected change in 'C:\\Users\\pynea\\anaconda3\\Lib\\site-packages\\pandas\\core\\series.py', reloading
 * Restarting with watchdog (windowsapi)
 * Debugger is active!
 * Debugger PIN: 342-535-990
 * Detected change in 'C:\\Users\\pynea\\Downloads\\Health-Monitoring-System-main\\Health-Monitoring-System-main\\lifestyle_risk_model.py', reloading
 * Detected change in 'C:\\Users\\pynea\\Downloads\\Health-Monitoring-System-main\\Health-Monitoring-System-main\\lifestyle_risk_model.py', reloading
 * Restarting with watchdog (windowsapi)
 * Debugger is active!
 * Debugger PIN: 342-535-990
 * Detected change in 'C:\\Users\\pynea\\Downloads\\Health-Monitoring-System-main\\Health-Monitoring-System-main\\lifestyle_risk_model.py', reloading
 * Detected change in 'C:\\Users\\pynea\\Downloads\\Health-Monitoring-System-main\\Health-Monitoring-System-main\\lifestyle_risk_model.py', reloading
 * Restarting with watchdog (windowsapi)
 * Debugger is active!
 * Debugger PIN: 342-535-990
 * Detected change in 'C:\\Users\\pynea\\Downloads\\Health-Monitoring-System-main\\Health-Monitoring-System-main\\lifestyle_risk_model.py', reloading
 * Detected change in 'C:\\Users\\pynea\\Downloads\\Health-Monitoring-System-main\\Health-Monitoring-System-main\\lifestyle_risk_model.py', reloading
 * Detected change in 'C:\\Users\\pynea\\Downloads\\Health-Monitoring-System-main\\Health-Monitoring-System-main\\lifestyle_risk_model.py', reloading
 * Restarting with watchdog (windowsapi)
 * Debugger is active!
 * Debugger PIN: 342-535-990
 * Detected change in 'C:\\Users\\pynea\\Downloads\\Health-Monitoring-System-main\\Health-Monitoring-System-main\\lifestyle_risk_model.py', reloading
 * Detected change in 'C:\\Users\\pynea\\Downloads\\Health-Monitoring-System-main\\Health-Monitoring-System-main\\lifestyle_risk_model.py', reloading
 * Restarting with watchdog (windowsapi)
 * Debugger is active!
 * Debugger PIN: 342-535-990
 * Detected change in 'C:\\Users\\pynea\\anaconda3\\Lib\\site-packages\\sklearn\\utils\\_param_validation.py', reloading
 * Detected change in 'C:\\Users\\pynea\\anaconda3\\Lib\\site-packages\\sklearn\\model_selection\\_validation.py', reloading
 * Detected change in 'C:\\Users\\pynea\\anaconda3\\Lib\\site-packages\\sklearn\\utils\\parallel.py', reloading
 * Detected change in 'C:\\Users\\pynea\\anaconda3\\Lib\\site-packages\\joblib\\parallel.py', reloading
 * Restarting with watchdog (windowsapi)
 * Debugger is active!
 * Debugger PIN: 342-535-990
 * Detected change in 'C:\\Users\\pynea\\Downloads\\Health-Monitoring-System-main\\Health-Monitoring-System-main\\lifestyle_risk_model.py', reloading
 * Detected change in 'C:\\Users\\pynea\\Downloads\\Health-Monitoring-System-main\\Health-Monitoring-System-main\\lifestyle_risk_model.py', reloading
 * Restarting with watchdog (windowsapi)
 * Debugger is active!
 * Debugger PIN: 342-535-990
 * Detected change in 'C:\\Users\\pynea\\Downloads\\Health-Monitoring-System-main\\Health-Monitoring-System-main\\wsgi.py', reloading
 * Detected change in 'C:\\Users\\pynea\\Downloads\\Health-Monitoring-System-main\\Health-Monitoring-System-main\\wsgi.py', reloading
 * Restarting with watchdog (windowsapi)
 * Debugger is active!
 * Debugger PIN: 342-535-990
 * Detected change in 'C:\\Users\\pynea\\anaconda3\\Lib\\site-packages\\pandas\\api\\__init__.py', reloading
 * Detected change in 'C:\\Users\\pynea\\anaconda3\\Lib\\site-packages\\pandas\\arrays\\__init__.py', reloading
 * Detected change in 'C:\\Users\\pynea\\anaconda3\\Lib\\site-packages\\pandas\\errors\\__init__.py', reloading
 * Detected change in 'C:\\Users\\pynea\\anaconda3\\Lib\\site-packages\\pandas\\io\\__init__.py', reloading
 * Detected change in 'C:\\Users\\pynea\\anaconda3\\Lib\\site-packages\\pandas\\plotting\\__init__.py', reloading
 * Detected change in 'C:\\Users\\pynea\\anaconda3\\Lib\\site-packages\\pandas\\testing.py', reloading
 * Detected change in 'C:\\Users\\pynea\\anaconda3\\Lib\\site-packages\\pandas\\tseries\\__init__.py', reloading
 * Detected change in 'C:\\Users\\pynea\\anaconda3\\Lib\\site-packages\\pandas\\util\\__init__.py', reloading
 * Detected change in 'C:\\Users\\pynea\\anaconda3\\Lib\\site-packages\\gunicorn\\asgi\\__init__.py', reloading
 * Detected change in 'C:\\Users\\pynea\\anaconda3\\Lib\\site-packages\\gunicorn\\asgi\\unreader.py', reloading
 * Detected change in 'C:\\Users\\pynea\\anaconda3\\Lib\\site-packages\\gunicorn\\asgi\\lifespan.py', reloading
 * Detected change in 'C:\\Users\\pynea\\anaconda3\\Lib\\site-packages\\gunicorn\\ctl\\__init__.py', reloading
 * Detected change in 'C:\\Users\\pynea\\anaconda3\\Lib\\site-packages\\gunicorn\\ctl\\server.py', reloading
 * Detected change in 'C:\\Users\\pynea\\anaconda3\\Lib\\site-packages\\gunicorn\\ctl\\client.py', reloading
 * Detected change in 'C:\\Users\\pynea\\anaconda3\\Lib\\site-packages\\gunicorn\\ctl\\protocol.py', reloading
 * Detected change in 'C:\\Users\\pynea\\anaconda3\\Lib\\site-packages\\gunicorn\\dirty\\__init__.py', reloading
 * Detected change in 'C:\\Users\\pynea\\anaconda3\\Lib\\site-packages\\gunicorn\\dirty\\errors.py', reloading
 * Detected change in 'C:\\Users\\pynea\\anaconda3\\Lib\\site-packages\\gunicorn\\dirty\\app.py', reloading
 * Detected change in 'C:\\Users\\pynea\\anaconda3\\Lib\\site-packages\\gunicorn\\dirty\\client.py', reloading
 * Detected change in 'C:\\Users\\pynea\\anaconda3\\Lib\\site-packages\\gunicorn\\dirty\\stash.py', reloading
 * Detected change in 'C:\\Users\\pynea\\anaconda3\\Lib\\site-packages\\gunicorn\\dirty\\arbiter.py', reloading
 * Detected change in 'C:\\Users\\pynea\\anaconda3\\Lib\\site-packages\\gunicorn\\http2\\__init__.py', reloading
 * Detected change in 'C:\\Users\\pynea\\anaconda3\\Lib\\site-packages\\gunicorn\\uwsgi\\__init__.py', reloading
 * Detected change in 'C:\\Users\\pynea\\anaconda3\\Lib\\site-packages\\gunicorn\\uwsgi\\message.py', reloading
 * Detected change in 'C:\\Users\\pynea\\anaconda3\\Lib\\site-packages\\gunicorn\\uwsgi\\parser.py', reloading
 * Detected change in 'C:\\Users\\pynea\\anaconda3\\Lib\\site-packages\\gunicorn\\uwsgi\\errors.py', reloading
 * Detected change in 'C:\\Users\\pynea\\anaconda3\\Lib\\site-packages\\gunicorn\\__main__.py', reloading
 * Detected change in 'C:\\Users\\pynea\\anaconda3\\Lib\\site-packages\\joblib\\backports.py', reloading
 * Detected change in 'C:\\Users\\pynea\\anaconda3\\Lib\\site-packages\\joblib\\disk.py', reloading
 * Detected change in 'C:\\Users\\pynea\\anaconda3\\Lib\\site-packages\\joblib\\executor.py', reloading
 * Detected change in 'C:\\Users\\pynea\\anaconda3\\Lib\\site-packages\\joblib\\func_inspect.py', reloading
 * Detected change in 'C:\\Users\\pynea\\anaconda3\\Lib\\site-packages\\joblib\\hashing.py', reloading
 * Detected change in 'C:\\Users\\pynea\\anaconda3\\Lib\\site-packages\\joblib\\logger.py', reloading
 * Detected change in 'C:\\Users\\pynea\\anaconda3\\Lib\\site-packages\\joblib\\memory.py', reloading
 * Detected change in 'C:\\Users\\pynea\\anaconda3\\Lib\\site-packages\\joblib\\pool.py', reloading
 * Detected change in 'C:\\Users\\pynea\\anaconda3\\Lib\\site-packages\\joblib\\testing.py', reloading
 * Detected change in 'C:\\Users\\pynea\\anaconda3\\Lib\\site-packages\\numpy\\compat\\__init__.py', reloading
 * Detected change in 'C:\\Users\\pynea\\anaconda3\\Lib\\site-packages\\numpy\\compat\\py3k.py', reloading
 * Detected change in 'C:\\Users\\pynea\\anaconda3\\Lib\\site-packages\\numpy\\_utils\\_inspect.py', reloading
 * Detected change in 'C:\\Users\\pynea\\anaconda3\\Lib\\site-packages\\numpy\\conftest.py', reloading
 * Detected change in 'C:\\Users\\pynea\\anaconda3\\Lib\\site-packages\\numpy\\matlib.py', reloading
 * Detected change in 'C:\\Users\\pynea\\anaconda3\\Lib\\site-packages\\numpy\\_typing\\_extended_precision.py', reloading
 * Detected change in 'C:\\Users\\pynea\\anaconda3\\Lib\\site-packages\\numpy\\__config__.py', reloading
 * Detected change in 'C:\\Users\\pynea\\anaconda3\\Lib\\site-packages\\pandas\\compat\\__init__.py', reloading
 * Detected change in 'C:\\Users\\pynea\\anaconda3\\Lib\\site-packages\\pandas\\compat\\_constants.py', reloading
 * Detected change in 'C:\\Users\\pynea\\anaconda3\\Lib\\site-packages\\pandas\\compat\\numpy\\__init__.py', reloading
 * Detected change in 'C:\\Users\\pynea\\anaconda3\\Lib\\site-packages\\pandas\\compat\\pyarrow.py', reloading
 * Detected change in 'C:\\Users\\pynea\\anaconda3\\Lib\\site-packages\\pandas\\conftest.py', reloading
 * Restarting with watchdog (windowsapi)
 * Debugger is active!
 * Debugger PIN: 342-535-990
